0 info it worked if it ends with ok
1 verbose cli [ '/Users/leogalley/.nvm/v0.10.4/bin/node',
1 verbose cli   '/Users/leogalley/.nvm/v0.10.4/bin/npm',
1 verbose cli   'install',
1 verbose cli   '-g',
1 verbose cli   'grunt' ]
2 info using npm@1.2.18
3 info using node@v0.10.4
4 verbose read json /Users/leogalley/.nvm/v0.10.4/lib/package.json
5 verbose read json /Users/leogalley/.nvm/v0.10.4/lib/package.json
6 verbose cache add [ 'grunt', null ]
7 verbose cache add name=undefined spec="grunt" args=["grunt",null]
8 verbose parsed url { protocol: null,
8 verbose parsed url   slashes: null,
8 verbose parsed url   auth: null,
8 verbose parsed url   host: null,
8 verbose parsed url   port: null,
8 verbose parsed url   hostname: null,
8 verbose parsed url   hash: null,
8 verbose parsed url   search: null,
8 verbose parsed url   query: null,
8 verbose parsed url   pathname: 'grunt',
8 verbose parsed url   path: 'grunt',
8 verbose parsed url   href: 'grunt' }
9 silly lockFile 20ff3fd8-grunt grunt
10 verbose lock grunt /Users/leogalley/.npm/20ff3fd8-grunt.lock
11 silly lockFile 20ff3fd8-grunt grunt
12 silly lockFile 20ff3fd8-grunt grunt
13 verbose addNamed [ 'grunt', '' ]
14 verbose addNamed [ null, '' ]
15 silly lockFile 55f1ff24-grunt grunt@
16 verbose lock grunt@ /Users/leogalley/.npm/55f1ff24-grunt.lock
17 silly addNameRange { name: 'grunt', range: '', hasData: false }
18 verbose url raw grunt
19 verbose url resolving [ 'https://registry.npmjs.org/', './grunt' ]
20 verbose url resolved https://registry.npmjs.org/grunt
21 info trying registry request attempt 1 at 16:56:46
22 verbose etag "32P2O343QOTG1DN4JAL1WV0DN"
23 http GET https://registry.npmjs.org/grunt
24 http 304 https://registry.npmjs.org/grunt
25 silly registry.get cb [ 304,
25 silly registry.get   { server: 'CouchDB/1.3.1 (Erlang OTP/R15B03)',
25 silly registry.get     etag: '"32P2O343QOTG1DN4JAL1WV0DN"',
25 silly registry.get     date: 'Sat, 19 Oct 2013 23:56:47 GMT',
25 silly registry.get     'content-length': '0' } ]
26 verbose etag grunt from cache
27 silly addNameRange number 2 { name: 'grunt', range: '', hasData: true }
28 silly addNameRange versions [ 'grunt',
28 silly addNameRange   [ '0.1.0',
28 silly addNameRange     '0.1.1',
28 silly addNameRange     '0.1.2',
28 silly addNameRange     '0.2.0',
28 silly addNameRange     '0.2.1',
28 silly addNameRange     '0.2.2',
28 silly addNameRange     '0.2.3',
28 silly addNameRange     '0.2.4',
28 silly addNameRange     '0.2.5',
28 silly addNameRange     '0.2.6',
28 silly addNameRange     '0.2.7',
28 silly addNameRange     '0.2.8',
28 silly addNameRange     '0.2.9',
28 silly addNameRange     '0.2.10',
28 silly addNameRange     '0.2.11',
28 silly addNameRange     '0.2.12',
28 silly addNameRange     '0.2.13',
28 silly addNameRange     '0.2.14',
28 silly addNameRange     '0.2.15',
28 silly addNameRange     '0.3.0',
28 silly addNameRange     '0.3.1',
28 silly addNameRange     '0.3.2',
28 silly addNameRange     '0.3.3',
28 silly addNameRange     '0.3.4',
28 silly addNameRange     '0.3.5',
28 silly addNameRange     '0.3.6',
28 silly addNameRange     '0.3.7',
28 silly addNameRange     '0.3.8',
28 silly addNameRange     '0.3.9',
28 silly addNameRange     '0.3.10',
28 silly addNameRange     '0.3.11',
28 silly addNameRange     '0.3.12',
28 silly addNameRange     '0.3.13',
28 silly addNameRange     '0.3.14',
28 silly addNameRange     '0.3.15',
28 silly addNameRange     '0.3.16',
28 silly addNameRange     '0.3.17',
28 silly addNameRange     '0.4.0',
28 silly addNameRange     '0.4.1',
28 silly addNameRange     '0.3.13-a',
28 silly addNameRange     '0.4.0-a',
28 silly addNameRange     '0.4.0-rc1',
28 silly addNameRange     '0.4.0-rc2',
28 silly addNameRange     '0.4.0-rc3',
28 silly addNameRange     '0.4.0-rc4',
28 silly addNameRange     '0.4.0-rc5',
28 silly addNameRange     '0.4.0-rc6',
28 silly addNameRange     '0.4.0-rc7',
28 silly addNameRange     '0.4.0-rc8' ] ]
29 verbose addNamed [ 'grunt', '0.4.1' ]
30 verbose addNamed [ '0.4.1', '0.4.1' ]
31 silly lockFile f9e87dfe-grunt-0-4-1 grunt@0.4.1
32 verbose lock grunt@0.4.1 /Users/leogalley/.npm/f9e87dfe-grunt-0-4-1.lock
33 verbose read json /Users/leogalley/.npm/grunt/0.4.1/package/package.json
34 silly lockFile f9e87dfe-grunt-0-4-1 grunt@0.4.1
35 silly lockFile f9e87dfe-grunt-0-4-1 grunt@0.4.1
36 silly lockFile 55f1ff24-grunt grunt@
37 silly lockFile 55f1ff24-grunt grunt@
38 silly resolved [ { name: 'grunt',
38 silly resolved     description: 'The JavaScript Task Runner',
38 silly resolved     version: '0.4.1',
38 silly resolved     author: { name: '"Cowboy" Ben Alman', url: 'http://benalman.com/' },
38 silly resolved     homepage: 'http://gruntjs.com/',
38 silly resolved     repository: { type: 'git', url: 'git://github.com/gruntjs/grunt.git' },
38 silly resolved     bugs: { url: 'http://github.com/gruntjs/grunt/issues' },
38 silly resolved     licenses: [ [Object] ],
38 silly resolved     main: 'lib/grunt',
38 silly resolved     scripts: { test: 'grunt test' },
38 silly resolved     engines: { node: '>= 0.8.0' },
38 silly resolved     keywords:
38 silly resolved      [ 'task',
38 silly resolved        'async',
38 silly resolved        'cli',
38 silly resolved        'minify',
38 silly resolved        'uglify',
38 silly resolved        'build',
38 silly resolved        'lodash',
38 silly resolved        'unit',
38 silly resolved        'test',
38 silly resolved        'qunit',
38 silly resolved        'nodeunit',
38 silly resolved        'server',
38 silly resolved        'init',
38 silly resolved        'scaffold',
38 silly resolved        'make',
38 silly resolved        'jake',
38 silly resolved        'tool' ],
38 silly resolved     dependencies:
38 silly resolved      { async: '~0.1.22',
38 silly resolved        'coffee-script': '~1.3.3',
38 silly resolved        colors: '~0.6.0-1',
38 silly resolved        dateformat: '1.0.2-1.2.3',
38 silly resolved        eventemitter2: '~0.4.9',
38 silly resolved        'findup-sync': '~0.1.0',
38 silly resolved        glob: '~3.1.21',
38 silly resolved        hooker: '~0.2.3',
38 silly resolved        'iconv-lite': '~0.2.5',
38 silly resolved        minimatch: '~0.2.6',
38 silly resolved        nopt: '~1.0.10',
38 silly resolved        rimraf: '~2.0.2',
38 silly resolved        lodash: '~0.9.0',
38 silly resolved        'underscore.string': '~2.2.0rc',
38 silly resolved        which: '~1.0.5',
38 silly resolved        'js-yaml': '~2.0.2' },
38 silly resolved     devDependencies:
38 silly resolved      { temporary: '~0.0.4',
38 silly resolved        'grunt-contrib-jshint': '~0.1.1',
38 silly resolved        'grunt-contrib-nodeunit': '~0.1.2',
38 silly resolved        'grunt-contrib-watch': '~0.2.0',
38 silly resolved        difflet: '~0.2.3' },
38 silly resolved     contributors: [ [Object], [Object], [Object], [Object] ],
38 silly resolved     readme: '# Grunt: The JavaScript Task Runner [![Build Status](https://secure.travis-ci.org/gruntjs/grunt.png?branch=master)](http://travis-ci.org/gruntjs/grunt)\n\n### Documentation\n\nVisit the [gruntjs.com](http://gruntjs.com/) website for all the things.\n\n### Support / Contributing\nBefore you make an issue, please read our [Contributing](http://gruntjs.com/contributing) guide.\n\nYou can find the grunt team in [#grunt on irc.freenode.net](irc://irc.freenode.net/#grunt).\n\n### Release History\nSee the [CHANGELOG](CHANGELOG).\n',
38 silly resolved     readmeFilename: 'README.md',
38 silly resolved     _id: 'grunt@0.4.1',
38 silly resolved     _from: 'grunt@' } ]
39 info install grunt@0.4.1 into /Users/leogalley/.nvm/v0.10.4/lib
40 info installOne grunt@0.4.1
41 verbose from cache /Users/leogalley/.npm/grunt/0.4.1/package/package.json
42 info /Users/leogalley/.nvm/v0.10.4/lib/node_modules/grunt unbuild
43 verbose read json /Users/leogalley/.nvm/v0.10.4/lib/node_modules/grunt/package.json
44 info preuninstall grunt@0.4.1
45 info uninstall grunt@0.4.1
46 verbose true,/Users/leogalley/.nvm/v0.10.4/lib/node_modules,/Users/leogalley/.nvm/v0.10.4/lib/node_modules unbuild grunt@0.4.1
47 info postuninstall grunt@0.4.1
48 info /Users/leogalley/.nvm/v0.10.4/lib/node_modules/grunt unbuild
49 verbose read json /Users/leogalley/.nvm/v0.10.4/lib/node_modules/grunt/package.json
50 info preuninstall grunt@0.4.1
51 info uninstall grunt@0.4.1
52 verbose true,/Users/leogalley/.nvm/v0.10.4/lib/node_modules,/Users/leogalley/.nvm/v0.10.4/lib/node_modules unbuild grunt@0.4.1
53 info postuninstall grunt@0.4.1
54 error error rolling back Error: EACCES, unlink '/Users/leogalley/.nvm/v0.10.4/lib/node_modules/grunt/.npmignore'
54 error error rolling back  grunt@0.4.1 { [Error: EACCES, unlink '/Users/leogalley/.nvm/v0.10.4/lib/node_modules/grunt/.npmignore']
54 error error rolling back   errno: 3,
54 error error rolling back   code: 'EACCES',
54 error error rolling back   path: '/Users/leogalley/.nvm/v0.10.4/lib/node_modules/grunt/.npmignore' }
55 error Error: EACCES, unlink '/Users/leogalley/.nvm/v0.10.4/lib/node_modules/grunt/.npmignore'
55 error  { [Error: EACCES, unlink '/Users/leogalley/.nvm/v0.10.4/lib/node_modules/grunt/.npmignore']
55 error   errno: 3,
55 error   code: 'EACCES',
55 error   path: '/Users/leogalley/.nvm/v0.10.4/lib/node_modules/grunt/.npmignore' }
56 error Please try running this command again as root/Administrator.
57 error System Darwin 12.5.0
58 error command "/Users/leogalley/.nvm/v0.10.4/bin/node" "/Users/leogalley/.nvm/v0.10.4/bin/npm" "install" "-g" "grunt"
59 error cwd /Users/leogalley/sites/Ascensor.js
60 error node -v v0.10.4
61 error npm -v 1.2.18
62 error path /Users/leogalley/.nvm/v0.10.4/lib/node_modules/grunt/.npmignore
63 error code EACCES
64 error errno 3
65 error stack Error: EACCES, unlink '/Users/leogalley/.nvm/v0.10.4/lib/node_modules/grunt/.npmignore'
66 verbose exit [ 3, true ]
